info: GET en /loggerTest - 20:56:09
info: Esto es un mensaje INFO
info: GET en /mockingproducts - 20:56:33
info: GET en /loggerTest - 20:56:39
info: Esto es un mensaje INFO
info: GET en / - 15:36:59
info: GET en /favicon.ico - 15:37:00
info: POST en /auth/login-auth - 15:37:03
info: GET en /view/profile - 15:37:04
info: GET en /products - 15:37:06
info: GET en /Sin%20Imagen - 15:37:07
info: GET en /products?page=2&limit=10 - 15:37:17
info: GET en /Sin%20Imagen - 15:37:17
info: GET en /logout - 15:37:25
info: GET en / - 15:37:25
info: POST en /auth/login-auth - 16:22:36
info: GET en /auth/login-auth - 16:23:28
info: POST en /auth/login-auth - 16:23:37
info: POST en /auth/login-auth - 16:25:09
info: POST en /auth/login-auth - 16:26:02
info: GET en /view/profile - 16:26:03
info: GET en /products - 16:26:05
info: GET en /Sin%20Imagen - 16:26:06
info: GET en /Sin%20Imagen - 16:26:06
info: GET en /logout - 16:26:13
info: GET en / - 16:26:13
info: POST en /auth/login-auth - 16:29:45
info: POST en /auth/login-auth - 16:30:00
info: POST en /auth/login-auth - 16:31:24
info: POST en /auth/login-auth - 16:39:36
info: POST en /auth/login-auth - 16:40:02
info: POST en /auth/login-auth - 16:41:21
info: POST en /auth/login-auth - 16:45:13
info: POST en /auth/login-auth - 16:45:55
info: POST en /auth/login-auth - 16:46:08
info: POST en /auth/login-auth - 16:46:26
info: POST en /auth/login-auth - 16:50:10
info: GET en /view/profile - 16:50:21
info: GET en /products - 16:50:29
info: GET en /Sin%20Imagen - 16:50:30
info: GET en /logout - 16:50:44
info: GET en / - 16:50:44
info: POST en /auth/login-auth - 17:31:01
info: POST en /auth/login-auth - 17:34:08
info: POST en /auth/login-auth - 17:37:17
info: GET en /view/profile - 17:37:18
info: GET en /products - 17:37:23
info: GET en /Sin%20Imagen - 17:37:24
info: GET en /Sin%20Imagen - 17:37:24
info: GET en /current - 17:37:34
info: GET en /current - 17:38:25
info: GET en /current - 17:38:39
info: GET en /logout - 17:38:46
info: GET en / - 17:38:46
info: POST en /auth/login-auth - 17:38:50
info: GET en /view/profile - 17:38:51
info: GET en /products - 17:38:54
info: GET en /Sin%20Imagen - 17:38:55
info: GET en /current - 17:39:02
info: GET en /Sin%20Imagen - 17:49:12
info: GET en /current - 17:49:18
info: GET en /current - 17:49:18
info: GET en /products/create - 17:49:33
info: POST en /products/create - 17:50:15
info: GET en /products - 17:50:16
info: GET en /Sin%20Imagen - 17:50:16
info: GET en /Sin%20Imagen - 17:50:17
info: GET en /products/create - 17:50:28
info: POST en /products/create - 17:50:48
info: GET en /products - 17:50:48
info: GET en /Sin%20Imagen - 17:50:49
info: GET en /Sin%20Imagen - 17:50:49
info: GET en /logout - 17:50:55
info: GET en / - 17:50:56
info: GET en /current - 17:51:26
info: GET en /current - 17:51:28
info: POST en /auth/login-auth - 17:57:02
info: GET en /view/profile - 17:57:03
info: GET en /products - 17:57:05
info: GET en /Sin%20Imagen - 17:57:05
info: GET en /Sin%20Imagen - 17:57:06
info: GET en /current - 17:57:12
info: GET en /current - 17:58:19
info: GET en /logout - 18:06:29
info: GET en / - 18:06:29
info: POST en /auth/login-auth - 18:06:34
info: GET en /view/profile - 18:06:35
info: GET en /products - 18:06:38
info: GET en /Sin%20Imagen - 18:06:39
info: GET en /current - 18:06:46
info: GET en /logout - 18:08:00
info: GET en / - 18:08:00
info: GET en /current - 18:08:03
info: GET en /current - 18:08:04
info: GET en /products - 18:08:19
info: GET en /current - 18:09:28
info: POST en /auth/login-auth - 18:09:38
info: GET en /view/profile - 18:09:40
info: GET en /products - 18:09:41
info: GET en /Sin%20Imagen - 18:09:42
info: GET en /current - 18:09:46
info: GET en /logout - 18:09:54
info: GET en / - 18:09:55
info: GET en /products - 18:10:04
info: GET en /mail - 11:10:04
info: GET en /mail - 11:15:53
info: GET en /mail - 11:16:47
info: GET en /favicon.ico - 11:16:49
info: GET en / - 11:17:02
info: GET en /mail - 11:28:20
info: GET en /mail - 12:07:58
info: GET en /mail - 12:09:42
info: GET en /mail - 12:10:13
info: GET en /mail - 12:12:37
info: GET en /mailrecovery - 13:11:24
info: GET en / - 13:14:40
info: GET en /reset-password - 13:14:43
info: GET en /reset-password - 13:17:48
info: GET en /reset-password - 13:18:16
info: GET en /reset-password - 13:18:43
info: GET en /reset-password - 13:19:24
info: GET en /reset-password - 13:19:36
info: POST en /reset-password - 13:19:43
info: POST en /reset-password - 13:21:43
info: POST en /reset-password - 13:22:11
info: POST en /reset-password - 13:22:19
info: GET en /reset-password - 13:22:23
info: POST en /mailrecovery - 13:22:26
info: POST en /mailrecovery - 13:23:02
info: POST en /mailrecovery - 13:24:36
info: POST en /mailrecovery - 13:25:48
info: GET en /mailrecovery - 13:26:55
info: POST en /mailrecovery - 13:27:39
info: GET en /mailrecovery - 13:27:58
info: POST en /mailrecovery - 13:28:00
info: GET en /mailrecovery - 13:28:24
info: POST en /mailrecovery - 13:28:26
info: GET en /mailrecovery - 13:28:56
info: POST en /mailrecovery - 13:28:59
info: GET en /mailrecovery - 13:29:09
info: POST en /mailrecovery - 13:29:12
info: GET en /mailrecovery?email=kmalion57%40gmail.com - 13:30:58
info: GET en /mailrecovery?email=kmalion57%40gmail.com - 13:31:17
info: GET en /mailrecovery?email=kmalion57%40gmail.com - 13:31:38
info: GET en /mailrecovery?email=kmalion57%40gmail.com - 13:31:48
info: GET en /mailrecovery?email=kmalion57%40gmail.com - 13:32:09
info: GET en /mailrecovery?email=kmalion57%40gmail.com - 13:32:11
info: GET en /mailrecovery?email=kmalion57%40gmail.com - 13:33:25
info: GET en /mailrecovery?email=kmalion57%40gmail.com - 13:33:29
info: GET en /mailrecovery - 13:33:34
info: GET en /reset-password - 13:33:36
info: POST en /mailrecovery - 13:33:39
info: POST en /mailrecovery - 13:35:27
info: GET en /mailrecovery - 13:38:41
info: POST en /mailrecovery - 13:38:44
info: POST en /mailrecovery - 13:39:37
info: POST en /mailrecovery - 13:40:51
info: GET en /mailrecovery - 13:43:11
info: POST en /mailrecovery - 13:43:14
info: GET en /mail - 13:43:52
info: POST en /mailrecovery - 13:44:57
info: POST en /mailrecovery - 13:45:40
info: POST en /mailrecovery - 13:49:41
info: POST en /mailrecovery - 13:50:00
info: POST en /mailrecovery - 13:51:03
info: POST en /mailrecovery - 13:53:13
info: POST en /mailrecovery - 13:53:36
info: POST en /mailrecovery - 13:53:41
info: GET en /mailrecovery - 13:54:51
info: GET en /reset-password - 13:54:55
info: GET en /login - 13:55:02
info: GET en /reset-password - 13:55:23
info: GET en / - 13:55:24
info: GET en /reset-password - 13:55:26
info: POST en /mailrecovery - 13:55:31
info: GET en / - 13:55:38
info: GET en /view/register - 13:55:40
info: POST en /auth/register-auth - 13:55:53
info: POST en /auth/register-auth - 14:00:31
info: POST en /auth/register-auth - 14:00:59
info: POST en /auth/register-auth - 14:00:59
info: GET en /reset-password - 14:01:10
info: POST en /mailrecovery - 14:01:16
info: GET en /view/register - 14:01:34
info: POST en /auth/register-auth - 14:02:05
info: POST en /auth/register-auth - 14:03:59
info: POST en /auth/register-auth - 14:04:10
info: POST en /auth/register-auth - 14:04:11
info: GET en / - 14:04:11
info: GET en /view/login - 14:04:11
info: POST en /auth/register-auth - 14:04:48
info: GET en / - 14:04:49
info: GET en /reset-password - 14:05:01
info: GET en / - 14:05:08
info: GET en /reset-password - 14:05:11
info: POST en /mailrecovery - 14:05:16
info: GET en / - 14:06:13
info: GET en / - 20:08:43
info: GET en /favicon.ico - 20:08:44
info: POST en /auth/login-auth - 20:08:53
info: POST en /auth/login-auth - 20:09:00
info: GET en /view/profile - 20:09:01
info: GET en /products - 20:09:02
info: GET en /Sin%20Imagen - 20:09:03
info: GET en /Sin%20Imagen - 20:09:03
info: GET en /logout - 20:10:04
info: GET en / - 20:10:04
info: GET en /reset-password - 20:10:11
info: POST en /mailrecovery - 20:10:24
info: POST en /mailrecovery - 20:20:07
info: POST en /mailrecovery - 20:23:12
info: POST en /mailrecovery - 20:25:28
info: GET en /mailrecovery - 20:28:18
info: POST en /mailrecovery - 20:30:46
info: GET en /reset-password/6706d423e0f085a663dbbd280185d59d7accf2c1 - 20:30:54
info: POST en /reset-password/ - 20:31:13
info: GET en /reset-password/6706d423e0f085a663dbbd280185d59d7accf2c1 - 20:43:22
info: POST en /reset-password/ - 20:43:30
info: GET en /reset-password/6706d423e0f085a663dbbd280185d59d7accf2c1 - 20:47:50
info: POST en /reset-password/ - 20:47:58
info: POST en /mailrecovery - 20:55:23
info: GET en /reset-password/18a6d8a6727c06e78046dcb9fa20b707d00f656f - 20:55:31
info: POST en /reset-password/ - 20:55:44
info: POST en /reset-password/ - 20:55:54
info: POST en /reset-password/ - 20:56:00
info: POST en /reset-password/ - 20:56:13
info: POST en /reset-password/ - 20:57:53
info: POST en /reset-password/ - 20:57:56
info: POST en /reset-password/ - 20:58:04
info: POST en /reset-password/ - 20:58:35
info: POST en /reset-password/ - 20:59:17
info: POST en /reset-password/ - 21:01:32
info: POST en /reset-password/ - 21:01:36
info: POST en /reset-password/ - 21:01:46
info: POST en /reset-password/ - 21:02:03
info: POST en /reset-password/ - 21:02:06
info: POST en /reset-password/ - 21:02:10
info: POST en /reset-password/ - 21:02:33
info: POST en /reset-password/ - 21:02:35
info: POST en /reset-password/ - 21:02:50
info: POST en /reset-password/ - 21:02:54
info: POST en /reset-password/ - 21:04:10
info: POST en /reset-password/ - 21:04:41
info: POST en /reset-password/ - 21:06:45
info: POST en /reset-password/ - 21:07:47
info: POST en /reset-password/ - 21:07:51
info: POST en /reset-password/ - 21:08:00
info: POST en /reset-password/ - 21:08:17
info: POST en /reset-password/ - 21:08:58
info: POST en /reset-password/ - 21:09:33
info: POST en /reset-password/ - 21:10:46
info: POST en /reset-password/ - 21:14:25
info: POST en /reset-password/ - 21:15:47
info: POST en /reset-password/ - 21:20:25
info: GET en / - 21:20:46
info: POST en /auth/login-auth - 21:20:51
info: POST en /auth/login-auth - 21:20:57
info: POST en /auth/login-auth - 21:21:04
info: POST en /auth/login-auth - 21:22:16
info: POST en /auth/login-auth - 21:22:22
info: GET en /view/profile - 21:22:23
info: GET en /products - 21:22:25
info: GET en /Sin%20Imagen - 21:22:26
info: GET en /Sin%20Imagen - 21:22:26
info: GET en /logout - 21:22:28
info: GET en / - 21:22:28
info: GET en /reset-password - 21:22:32
info: POST en /mailrecovery - 21:22:35
info: GET en /reset-password/4ea5e18b4ea8666106a939278da6eb8bdb7bb38c - 21:22:48
info: POST en /reset-password/ - 21:22:58
info: POST en /reset-password/ - 21:23:13
info: POST en /reset-password/ - 21:23:45
info: POST en /reset-password/ - 21:24:11
info: POST en /reset-password/ - 21:25:12
info: GET en / - 21:25:20
info: POST en /auth/login-auth - 21:25:29
info: POST en /auth/login-auth - 21:25:36
info: POST en /auth/login-auth - 21:25:42
info: POST en /auth/login-auth - 21:25:47
info: GET en /view/profile - 21:25:49
info: GET en /products - 21:25:50
info: GET en /Sin%20Imagen - 21:25:51
info: GET en /Sin%20Imagen - 21:25:51
info: GET en /logout - 21:25:52
info: GET en / - 21:25:52
info: GET en /reset-password - 21:26:37
info: POST en /mailrecovery - 21:26:41
info: GET en /reset-password/fdd74bf97edccde31bc5ff96e8ba5196ac7e0ca0 - 21:26:52
info: POST en /reset-password/ - 21:26:59
info: POST en /reset-password/ - 21:27:57
info: POST en /reset-password/ - 21:32:01
info: POST en /reset-password/ - 21:33:55
info: GET en / - 21:43:10
info: GET en /reset-password - 21:43:12
info: POST en /mailrecovery - 21:43:16
info: GET en /reset-password/d699ca44b86ae40655e4319bd5f7a267a337a001 - 21:43:36
info: POST en /reset-password/ - 21:43:50
info: POST en /reset-password/ - 21:44:59
info: POST en /reset-password/ - 21:46:51
info: POST en /reset-password/ - 21:49:22
info: POST en /reset-password/ - 21:50:03
info: GET en /reset-password/d699ca44b86ae40655e4319bd5f7a267a337a001 - 21:50:22
info: POST en /reset-password/ - 21:50:42
info: POST en /reset-password/ - 21:52:19
info: POST en /reset-password/ - 21:52:56
info: POST en /reset-password/ - 21:58:09
info: POST en /reset-password/ - 22:00:31
info: POST en /reset-password/ - 22:02:06
info: POST en /reset-password/ - 22:02:16
info: POST en /reset-password/ - 22:02:53
info: POST en /reset-password/ - 22:06:47
info: POST en /reset-password/ - 22:06:59
info: POST en /reset-password/ - 22:07:22
info: GET en /reset-password/d699ca44b86ae40655e4319bd5f7a267a337a001 - 22:07:59
info: POST en /reset-password/%60/reset-password/$%7BresetToken%7D%60 - 22:08:09
info: POST en /reset-password/%60/reset-password/$%7BresetToken%7D%60 - 22:09:57
info: POST en /reset-password/%60/reset-password/$%7BresetToken%7D%60 - 22:10:00
info: POST en /reset-password/%60/reset-password/$%7BresetToken%7D%60 - 22:10:02
info: POST en /reset-password/%60/reset-password/$%7BresetToken%7D%60 - 22:10:09
info: POST en /reset-password/%60/reset-password/$%7BresetToken%7D%60 - 22:10:47
info: GET en /reset-password/d699ca44b86ae40655e4319bd5f7a267a337a001 - 22:11:22
info: POST en /reset-password/:resetToken - 22:11:28
info: POST en /reset-password/:resetToken - 22:13:19
info: GET en /reset-password/d699ca44b86ae40655e4319bd5f7a267a337a001 - 22:13:43
info: POST en /reset-password/ - 22:13:49
info: POST en /reset-password/ - 22:17:53
info: GET en /reset-password/ - 22:18:26
info: GET en /reset-password/d699ca44b86ae40655e4319bd5f7a267a337a001 - 22:18:35
info: POST en /reset-password/ - 22:18:42
info: POST en /reset-password/ - 22:27:26
info: POST en /reset-password/ - 22:28:01
info: GET en /reset-password/d699ca44b86ae40655e4319bd5f7a267a337a001 - 22:30:04
info: GET en /reset-password/d699ca44b86ae40655e4319bd5f7a267a337a001 - 22:30:25
info: GET en /reset-password/d699ca44b86ae40655e4319bd5f7a267a337a001 - 22:32:10
info: GET en /reset-password/d699ca44b86ae40655e4319bd5f7a267a337a001 - 22:32:31
info: POST en /reset-password/d699ca44b86ae40655e4319bd5f7a267a337a001 - 22:32:52
info: GET en / - 22:33:42
info: GET en /reset-password - 22:33:45
info: POST en /mailrecovery - 22:33:56
info: GET en /reset-password/52ccbce7254aab3a7e5902f2fbc246a38f95c2bc - 22:34:04
info: POST en /reset-password/52ccbce7254aab3a7e5902f2fbc246a38f95c2bc - 22:34:11
info: GET en / - 22:34:41
info: POST en /auth/login-auth - 22:34:46
info: POST en /auth/login-auth - 22:34:52
info: GET en /view/profile - 22:34:53
info: GET en /products - 22:34:55
info: GET en /Sin%20Imagen - 22:34:56
info: GET en /Sin%20Imagen - 22:34:56
info: GET en /logout - 22:34:58
info: GET en / - 22:34:58
info: GET en /reset-password/52ccbce7254aab3a7e5902f2fbc246a38f95c2bc - 22:37:08
info: POST en /reset-password/52ccbce7254aab3a7e5902f2fbc246a38f95c2bc - 22:37:15
info: POST en /reset-password/52ccbce7254aab3a7e5902f2fbc246a38f95c2bc - 22:39:25
info: POST en /reset-password/52ccbce7254aab3a7e5902f2fbc246a38f95c2bc - 22:40:41
info: POST en /reset-password/52ccbce7254aab3a7e5902f2fbc246a38f95c2bc - 22:41:56
info: POST en /reset-password/52ccbce7254aab3a7e5902f2fbc246a38f95c2bc - 22:42:36
info: GET en /reset-password/52ccbce7254aab3a7e5902f2fbc246a38f95c2bc - 22:43:44
info: POST en /reset-password/52ccbce7254aab3a7e5902f2fbc246a38f95c2bc - 22:43:51
info: GET en /reset-password/52ccbce7254aab3a7e5902f2fbc246a38f95c2bc - 22:44:29
info: POST en /reset-password/52ccbce7254aab3a7e5902f2fbc246a38f95c2bc - 22:44:35
info: GET en /reset-password/52ccbce7254aab3a7e5902f2fbc246a38f95c2bc - 22:45:10
info: POST en /reset-password/52ccbce7254aab3a7e5902f2fbc246a38f95c2bc - 22:45:15
info: GET en / - 22:51:41
info: GET en /reset-password - 22:51:49
info: POST en /mailrecovery - 22:51:53
info: GET en /reset-password/8a30e4c8c44e896cc582eef2640e896b3adf9a01 - 22:52:04
info: POST en /reset-password/8a30e4c8c44e896cc582eef2640e896b3adf9a01 - 22:52:55
info: GET en /reset-password/8a30e4c8c44e896cc582eef2640e896b3adf9a01 - 22:54:21
info: GET en / - 23:01:02
info: POST en /auth/login-auth - 23:01:09
info: GET en /view/profile - 23:01:10
info: GET en /logout - 23:01:12
info: GET en / - 23:01:12
info: GET en /reset-password - 23:01:18
info: POST en /mailrecovery - 23:01:21
info: GET en /reset-password/2cbe919a39f12c75fabff6aedeffde6e302d3aaa - 23:02:08
info: POST en /reset-password/2cbe919a39f12c75fabff6aedeffde6e302d3aaa - 23:02:17
info: GET en / - 23:02:23
info: POST en /auth/login-auth - 23:02:29
info: GET en /view/profile - 23:02:30
info: GET en /products - 23:02:32
info: GET en /Sin%20Imagen - 23:02:32
info: GET en /Sin%20Imagen - 23:02:32
info: GET en /logout - 23:02:34
info: GET en / - 23:02:34
info: GET en / - 20:01:05
info: GET en /favicon.ico - 20:01:06
info: GET en / - 21:46:22
info: GET en /favicon.ico - 21:46:23
info: POST en /auth/login-auth - 21:46:34
info: GET en /view/profile - 21:46:35
info: GET en /products - 21:46:39
info: GET en /Sin%20Imagen - 21:46:40
info: GET en /Sin%20Imagen - 21:46:40
info: GET en /logout - 21:46:43
info: GET en / - 21:46:43
info: POST en /auth/login-auth - 21:46:54
info: POST en /auth/login-auth - 21:46:59
info: POST en /auth/login-auth - 21:47:02
info: GET en /view/profile - 21:47:03
info: GET en /products - 21:47:06
info: GET en /Sin%20Imagen - 21:47:07
info: GET en /Sin%20Imagen - 21:47:07
info: GET en /products/create - 21:47:09
info: POST en /products/create - 21:47:42
info: GET en /products/create - 21:54:13
info: GET en /products/create - 21:54:35
info: GET en /products/create - 21:56:58
info: GET en /products/create - 21:57:02
info: GET en /products/create - 21:58:47
info: GET en /products/create - 21:59:05
info: GET en /products/create - 22:02:14
info: GET en /products/create - 22:04:01
info: GET en /products/create - 22:04:40
info: GET en /products/create - 22:05:18
info: GET en /products/create - 22:07:10
info: GET en /products/create - 22:08:30
info: GET en /products/create - 22:09:12
info: GET en /products/create - 22:11:35
info: POST en /products/create - 22:12:25
info: POST en /products/create - 22:14:05
info: GET en /products - 22:14:06
info: GET en /Sin%20Imagen - 22:14:07
info: GET en /Sin%20Imagen - 22:14:07
info: GET en /products?page=2&limit=10 - 22:14:13
info: GET en /Sin%20Imagen - 22:14:13
info: GET en /products?page=2&limit=10 - 22:16:18
info: GET en /Sin%20Imagen - 22:16:19
info: GET en /logout - 22:21:05
info: GET en / - 22:21:05
info: GET en /view/register - 22:21:07
info: POST en /auth/register-auth - 22:21:43
info: GET en / - 22:21:43
info: POST en /auth/login-auth - 22:21:55
info: GET en /view/profile - 22:21:55
info: GET en /products - 22:22:06
info: GET en /Sin%20Imagen - 22:22:07
info: GET en /Sin%20Imagen - 22:22:07
info: GET en /logout - 22:26:01
info: GET en / - 22:26:01
info: GET en / - 22:26:51
info: GET en /view/register - 22:26:54
info: POST en /auth/register-auth - 22:27:10
info: GET en / - 22:27:11
info: GET en /view/register - 22:33:52
info: POST en /auth/register-auth - 22:34:13
info: GET en / - 22:34:14
info: POST en /auth/login-auth - 22:34:39
info: GET en /view/profile - 22:34:40
info: GET en /products - 22:34:52
info: GET en /Sin%20Imagen - 22:34:52
info: GET en /Sin%20Imagen - 22:34:53
info: GET en /products?page=2&limit=10 - 22:35:02
info: GET en /Sin%20Imagen - 22:35:03
info: GET en /Sin%20Imagen - 22:35:03
info: GET en /products?page=1&limit=10 - 22:35:07
info: GET en /Sin%20Imagen - 22:35:08
info: GET en /logout - 22:35:27
info: GET en / - 22:35:27
info: POST en /auth/login-auth - 22:41:11
info: GET en /view/profile - 22:41:12
info: GET en /products - 22:41:15
info: GET en /products - 22:43:37
info: GET en /Sin%20Imagen - 22:43:38
info: GET en /Sin%20Imagen - 22:43:39
info: GET en /products - 22:44:55
info: GET en /Sin%20Imagen - 22:44:55
info: GET en /Sin%20Imagen - 22:44:56
info: GET en /products/create - 22:45:01
info: GET en /logout - 22:45:08
info: GET en / - 22:45:09
info: POST en /auth/login-auth - 22:45:14
info: POST en /auth/login-auth - 22:45:19
info: GET en /view/profile - 22:45:19
info: GET en /products - 22:45:24
info: GET en /Sin%20Imagen - 22:45:25
info: GET en /logout - 22:45:29
info: GET en / - 22:45:30
info: POST en /auth/login-auth - 22:54:39
info: GET en /view/profile - 22:54:40
info: GET en /products - 22:54:42
info: GET en /Sin%20Imagen - 22:54:43
info: GET en /Sin%20Imagen - 22:54:43
info: GET en /products/create - 22:54:45
info: POST en /products/create - 22:55:55
info: GET en /products - 22:55:55
info: GET en /Sin%20Imagen - 22:55:56
info: GET en /Sin%20Imagen - 22:55:56
info: GET en /products?page=2&limit=10 - 22:56:06
info: GET en /Sin%20Imagen - 22:56:07
info: GET en /products?page=3&limit=10 - 22:56:11
info: GET en /products?page=3&limit=10 - 23:02:02
info: GET en /products?page=2&limit=10 - 23:02:15
info: GET en /Sin%20Imagen - 23:02:16
info: GET en /products?page=3&limit=10 - 23:04:21
info: GET en /products?page=2&limit=10 - 23:04:26
info: GET en /Sin%20Imagen - 23:04:27
info: GET en /products?page=2&limit=10 - 23:06:53
info: GET en /Sin%20Imagen - 23:06:53
info: GET en /Sin%20Imagen - 23:06:54
info: GET en /products?page=3&limit=10 - 23:06:58
info: GET en /products?page=3&limit=10 - 23:08:55
info: GET en /products?page=3&limit=10 - 23:09:04
info: GET en /products?page=3&limit=10 - 23:11:15
info: GET en /products?page=2&limit=10 - 23:11:31
info: GET en /Sin%20Imagen - 23:11:31
info: GET en /logout - 23:13:09
info: GET en / - 23:13:10
info: POST en /auth/login-auth - 23:13:15
info: GET en /view/profile - 23:13:16
info: GET en /products - 23:13:19
info: GET en /products - 23:14:19
info: GET en /Sin%20Imagen - 23:14:21
info: GET en /Sin%20Imagen - 23:14:21
info: GET en /products?page=2&limit=10 - 23:14:28
info: GET en /Sin%20Imagen - 23:14:29
info: GET en /products?page=3&limit=10 - 23:14:32
info: GET en /products?page=2&limit=10 - 23:14:36
info: GET en /Sin%20Imagen - 23:14:37
info: GET en /logout - 23:14:40
info: GET en / - 23:14:40
info: POST en /auth/login-auth - 23:14:50
info: POST en /auth/login-auth - 23:14:55
info: GET en /view/profile - 23:14:56
info: GET en /products - 23:14:59
info: GET en /Sin%20Imagen - 23:14:59
info: GET en /products - 23:15:57
info: GET en /Sin%20Imagen - 23:15:58
info: GET en /products?page=2&limit=10 - 23:16:03
info: GET en /Sin%20Imagen - 23:16:03
info: GET en /products?page=2&limit=10 - 23:17:03
info: GET en /Sin%20Imagen - 23:17:04
info: GET en /Sin%20Imagen - 23:17:05
info: GET en /products?page=1&limit=10 - 23:17:09
info: GET en /Sin%20Imagen - 23:17:09
info: GET en /products?page=1&limit=10 - 23:18:06
info: GET en /Sin%20Imagen - 23:18:06
info: GET en /Sin%20Imagen - 23:18:07
info: GET en /products?page=1&limit=10 - 23:18:26
info: GET en /Sin%20Imagen - 23:18:27
info: GET en /products?page=1&limit=10 - 23:18:29
info: GET en /Sin%20Imagen - 23:18:30
info: GET en /products?page=1&limit=10 - 23:18:39
info: GET en /Sin%20Imagen - 23:18:40
info: GET en /cart/add/64b209baca5320b8dd39fbbc - 23:18:43
info: GET en /api/carts - 23:18:44
info: GET en /products?page=2&limit=10 - 23:20:06
info: GET en /Sin%20Imagen - 23:20:06
info: GET en /products?page=2&limit=10 - 23:21:24
info: GET en /Sin%20Imagen - 23:21:25
info: GET en /Sin%20Imagen - 23:21:25
info: GET en /products?page=1&limit=10 - 23:21:34
info: GET en /Sin%20Imagen - 23:21:34
info: GET en /products?page=1&limit=10 - 23:22:06
info: GET en /Sin%20Imagen - 23:22:07
info: GET en /products?page=1&limit=10 - 23:23:56
info: GET en /Sin%20Imagen - 23:23:57
info: GET en /Sin%20Imagen - 23:23:58
info: GET en /products?page=1&limit=10 - 23:24:18
info: GET en /Sin%20Imagen - 23:24:18
info: GET en /products?page=1&limit=10 - 23:24:40
info: GET en /Sin%20Imagen - 23:24:42
info: GET en /products?page=1&limit=10 - 23:25:25
info: GET en /Sin%20Imagen - 23:25:26
info: GET en /products?page=1&limit=10 - 23:29:00
info: GET en /products?page=1&limit=10 - 23:31:15
info: GET en /Sin%20Imagen - 23:31:16
info: GET en /Sin%20Imagen - 23:31:16
info: GET en /logout - 23:31:36
info: GET en / - 23:31:36
info: POST en /auth/login-auth - 23:31:42
info: GET en /view/profile - 23:31:43
info: GET en /products - 23:31:46
info: GET en /Sin%20Imagen - 23:31:46
info: GET en /Sin%20Imagen - 23:31:47
info: GET en /products - 23:32:25
info: GET en /products - 23:32:48
info: GET en /Sin%20Imagen - 23:32:49
info: GET en /products?page=2&limit=10 - 23:33:00
info: GET en /Sin%20Imagen - 23:33:01
info: GET en /Sin%20Imagen - 23:33:01
info: GET en /products?page=3&limit=10 - 23:33:06
info: GET en /products?page=2&limit=10 - 23:33:10
info: GET en /Sin%20Imagen - 23:33:11
info: GET en /products?page=2&limit=10 - 23:35:33
info: GET en /products?page=2&limit=10 - 23:36:12
info: GET en /Sin%20Imagen - 23:36:12
info: GET en /Sin%20Imagen - 23:36:13
info: GET en /products?page=2&limit=10 - 23:37:27
info: GET en /Sin%20Imagen - 23:37:27
info: GET en /Sin%20Imagen - 23:37:28
info: GET en /products?page=1&limit=10 - 23:37:34
info: GET en /Sin%20Imagen - 23:37:35
info: GET en /products?page=1&limit=10 - 23:38:14
info: GET en /Sin%20Imagen - 23:38:14
info: GET en /Sin%20Imagen - 23:38:14
info: GET en /products?page=2&limit=10 - 23:38:21
info: GET en /Sin%20Imagen - 23:38:22
info: GET en /products?page=2&limit=10 - 23:41:28
info: GET en /Sin%20Imagen - 23:41:29
info: GET en /products?page=3&limit=10 - 23:42:42
info: GET en /products?page=2&limit=10 - 23:42:46
info: GET en /Sin%20Imagen - 23:42:47
info: GET en /products?page=2&limit=10 - 23:44:28
info: GET en /Sin%20Imagen - 23:44:29
info: GET en /Sin%20Imagen - 23:44:30
info: GET en /products?page=2&limit=10 - 23:45:15
info: GET en /Sin%20Imagen - 23:45:15
info: GET en /Sin%20Imagen - 23:45:16
info: GET en /products?page=2&limit=10 - 23:48:17
info: GET en /products?page=2&limit=10 - 23:48:35
info: GET en /products?page=2&limit=10 - 23:49:19
info: GET en /products?page=2&limit=10 - 23:50:23
info: GET en /Sin%20Imagen - 23:50:25
info: GET en /Sin%20Imagen - 23:50:26
info: GET en /products?page=3&limit=10 - 23:50:35
info: GET en /products?page=3&limit=10 - 23:51:59
info: GET en /products?page=3&limit=10 - 23:52:44
info: GET en /products?page=3&limit=10 - 23:53:02
info: GET en /products?page=3&limit=10 - 23:54:04
info: GET en /products?page=3&limit=10 - 23:57:32
info: GET en /products?page=3&limit=10 - 23:59:00
info: GET en /products?page=3&limit=10 - 0:04:19
info: GET en /products?page=3&limit=10 - 0:05:39
info: GET en /products?page=3&limit=10 - 0:05:55
info: GET en /products?page=3&limit=10 - 0:06:10
info: GET en /products?page=2&limit=10 - 0:06:51
info: GET en /Sin%20Imagen - 0:06:52
info: GET en /Sin%20Imagen - 0:06:52
info: GET en /products?page=3&limit=10 - 0:07:06
info: GET en /products?page=2&limit=10 - 0:07:12
info: GET en /Sin%20Imagen - 0:07:13
info: GET en /products?page=2&limit=10 - 0:09:38
info: GET en /products?page=2&limit=10 - 0:10:32
info: GET en /Sin%20Imagen - 0:10:33
info: GET en /products?page=2&limit=10 - 0:11:38
info: GET en /Sin%20Imagen - 0:11:38
info: GET en /Sin%20Imagen - 0:11:39
info: GET en /products?page=2&limit=10 - 0:11:57
info: GET en /Sin%20Imagen - 0:11:59
info: GET en /products?page=1&limit=10 - 0:12:06
info: GET en /Sin%20Imagen - 0:12:07
info: GET en /products?page=2&limit=10 - 0:12:10
info: GET en /Sin%20Imagen - 0:12:11
info: GET en /products?page=3&limit=10 - 0:12:18
info: GET en /products?page=3&limit=10 - 0:12:36
info: GET en /products?page=3&limit=10 - 0:14:32
info: GET en /products?page=3&limit=10 - 0:16:17
info: GET en /products?page=3&limit=10 - 0:16:44
info: GET en /products?page=2&limit=10 - 0:17:00
info: GET en /Sin%20Imagen - 0:17:01
info: GET en /products?page=2&limit=10 - 0:18:51
info: GET en /Sin%20Imagen - 0:18:52
info: GET en /Sin%20Imagen - 0:18:53
info: GET en /products?page=2&limit=10 - 0:19:43
info: GET en /Sin%20Imagen - 0:19:43
info: GET en /Sin%20Imagen - 0:19:44
info: GET en /products?page=2&limit=10 - 0:20:05
info: GET en /Sin%20Imagen - 0:20:05
info: GET en /products?page=2&limit=10 - 0:20:51
info: GET en /Sin%20Imagen - 0:20:52
info: GET en /products?page=2&limit=10 - 0:21:03
info: GET en /products?page=2&limit=10 - 0:21:12
info: GET en /Sin%20Imagen - 0:21:13
info: GET en /products?page=2&limit=10 - 0:23:24
info: GET en /Sin%20Imagen - 0:23:25
info: GET en /Sin%20Imagen - 0:23:26
info: GET en /products?page=2&limit=10 - 0:23:49
info: GET en /products?page=2&limit=10 - 0:24:34
info: GET en /products?page=2&limit=10 - 0:24:51
info: GET en /products?page=2&limit=10 - 0:24:59
info: GET en /products?page=2&limit=10 - 0:25:47
info: GET en /Sin%20Imagen - 0:25:48
info: GET en /Sin%20Imagen - 0:25:49
info: GET en /products?page=3&limit=10 - 0:25:53
info: GET en /products?page=3&limit=10 - 0:26:18
info: GET en /products?page=2&limit=10 - 0:26:34
info: GET en /Sin%20Imagen - 0:26:35
info: GET en /products?page=2&limit=10 - 0:26:39
info: GET en /Sin%20Imagen - 0:26:40
info: GET en /products?page=2&limit=10 - 0:26:54
info: GET en /Sin%20Imagen - 0:26:55
info: GET en /products?page=3&limit=10 - 0:27:00
info: GET en /products?page=3&limit=10 - 0:27:18
info: GET en /products?page=3&limit=10 - 0:27:30
info: GET en /products?page=2&limit=10 - 0:27:43
info: GET en /Sin%20Imagen - 0:27:44
info: GET en /products?page=2&limit=10 - 0:30:45
info: GET en /products?page=2&limit=10 - 0:31:13
info: GET en /Sin%20Imagen - 0:31:14
info: GET en /Sin%20Imagen - 0:31:15
info: GET en /products?page=3&limit=10 - 0:31:25
info: GET en /products?page=2&limit=10 - 0:31:30
info: GET en /Sin%20Imagen - 0:31:30
info: GET en /products?page=2&limit=10 - 0:32:51
info: GET en /Sin%20Imagen - 0:32:51
info: GET en /products?page=3&limit=10 - 0:32:58
info: GET en /products?page=2&limit=10 - 0:33:34
info: GET en /Sin%20Imagen - 0:33:35
info: GET en /Sin%20Imagen - 0:33:35
info: GET en /products?page=2&limit=10 - 0:34:38
info: GET en /Sin%20Imagen - 0:34:39
info: GET en /Sin%20Imagen - 0:34:40
info: GET en /products?page=3&limit=10 - 0:34:50
info: GET en /products?page=2&limit=10 - 0:34:53
info: GET en /Sin%20Imagen - 0:34:54
info: GET en /products?page=2&limit=10 - 0:36:19
info: GET en /products?page=2&limit=10 - 0:36:31
info: GET en /products?page=2&limit=10 - 0:36:41
info: GET en /Sin%20Imagen - 0:36:42
info: GET en /products?page=2&limit=10 - 0:37:04
info: GET en /Sin%20Imagen - 0:37:04
info: GET en /products?page=2&limit=10 - 0:38:42
info: GET en /Sin%20Imagen - 0:38:43
info: GET en /Sin%20Imagen - 0:38:44
info: GET en /products?page=2&limit=10 - 0:39:08
info: GET en /Sin%20Imagen - 0:39:10
info: GET en /products?page=2&limit=10 - 0:39:51
info: GET en /Sin%20Imagen - 0:39:52
info: GET en /products?page=1&limit=10 - 0:40:06
info: GET en /Sin%20Imagen - 0:40:06
info: GET en /products?page=2&limit=10 - 0:40:24
info: GET en /Sin%20Imagen - 0:40:25
info: GET en /products?page=3&limit=10 - 0:40:28
info: GET en /products?page=3&limit=10 - 0:40:58
info: GET en /products?page=3&limit=10 - 0:41:50
info: GET en /products?page=3&limit=10 - 0:42:12
info: GET en /products?page=3&limit=10 - 0:42:48
info: GET en /products?page=3&limit=10 - 0:43:00
info: GET en /products?page=3&limit=10 - 0:43:23
info: GET en /products?page=3&limit=10 - 0:44:25
info: GET en /products?page=3&limit=10 - 0:44:39
info: GET en /products?page=3&limit=10 - 0:44:51
info: GET en /products?page=3&limit=10 - 0:45:14
info: GET en /products?page=3&limit=10 - 0:45:28
info: GET en /products?page=3&limit=10 - 0:45:52
info: GET en /products?page=3&limit=10 - 0:47:19
info: GET en /products?page=3&limit=10 - 0:47:33
info: GET en /products?page=3&limit=10 - 0:47:45
info: GET en /products?page=3&limit=10 - 0:48:12
info: GET en /products?page=3&limit=10 - 0:48:24
info: GET en /products?page=3&limit=10 - 0:50:21
info: GET en /products?page=3&limit=10 - 0:53:21
info: GET en /products?page=3&limit=10 - 0:54:06
info: GET en /Sin%20Imagen - 0:54:57
info: GET en /logout - 0:55:01
info: GET en / - 0:55:01
info: POST en /auth/login-auth - 0:55:08
info: GET en /view/profile - 0:55:09
info: GET en /products - 0:55:11
info: GET en /products - 0:56:33
info: GET en /products - 0:59:08
info: GET en /Sin%20Imagen - 0:59:09
info: GET en /Sin%20Imagen - 0:59:10
info: GET en /products?page=2&limit=10 - 0:59:12
info: GET en /Sin%20Imagen - 0:59:13
info: GET en /products?page=2&limit=10 - 0:59:32
info: GET en /Sin%20Imagen - 0:59:33
info: GET en /products?page=3&limit=10 - 1:00:17
info: GET en /products?page=2&limit=10 - 1:00:34
info: GET en /Sin%20Imagen - 1:00:35
info: GET en /Sin%20Imagen - 1:00:35
info: GET en /products?page=2&limit=10 - 1:02:28
info: GET en /Sin%20Imagen - 1:02:29
info: GET en /Sin%20Imagen - 1:02:30
info: GET en /products?page=2&limit=10 - 1:03:09
info: GET en /Sin%20Imagen - 1:03:10
info: GET en /Sin%20Imagen - 1:03:11
info: GET en /products?page=2&limit=10 - 1:03:33
info: GET en /Sin%20Imagen - 1:03:34
info: GET en /products?page=2&limit=10 - 1:05:15
info: GET en /Sin%20Imagen - 1:05:16
info: GET en /products?page=3&limit=10 - 1:05:24
info: GET en /logout - 1:07:19
info: GET en / - 1:07:19
info: POST en /auth/login-auth - 1:07:25
info: GET en /view/profile - 1:07:26
info: GET en /products - 1:07:28
info: GET en /Sin%20Imagen - 1:07:29
info: GET en /Sin%20Imagen - 1:07:30
info: GET en / - 1:08:06
info: POST en /auth/login-auth - 1:08:12
info: GET en /view/profile - 1:08:13
info: GET en /products - 1:08:15
info: GET en /Sin%20Imagen - 1:08:16
info: GET en /products - 1:11:31
info: GET en /Sin%20Imagen - 1:11:33
info: GET en /Sin%20Imagen - 1:11:34
info: GET en /products - 1:13:00
info: GET en /Sin%20Imagen - 1:13:02
info: GET en /Sin%20Imagen - 1:13:03
info: GET en / - 9:05:26
info: GET en /favicon.ico - 9:05:27
info: POST en /auth/login-auth - 9:05:34
info: GET en /view/profile - 9:05:35
info: GET en /products - 9:05:38
info: GET en /Sin%20Imagen - 9:05:38
info: GET en /Sin%20Imagen - 9:05:39
info: GET en /products?page=2&limit=10 - 9:05:44
info: GET en /Sin%20Imagen - 9:05:44
info: GET en /products?page=3&limit=10 - 9:05:48
info: GET en /products?page=2&limit=10 - 9:05:53
info: GET en /Sin%20Imagen - 9:05:53
info: GET en /logout - 9:05:55
info: GET en / - 9:05:55
info: POST en /auth/login-auth - 9:06:02
info: POST en /auth/login-auth - 9:06:08
info: GET en /view/profile - 9:06:09
info: GET en /products - 9:06:12
info: GET en /Sin%20Imagen - 9:06:13
info: GET en /Sin%20Imagen - 9:06:14
info: GET en /products?page=2&limit=10 - 9:06:18
info: GET en /Sin%20Imagen - 9:06:18
info: GET en /products?page=3&limit=10 - 9:06:23
info: GET en /products?page=2&limit=10 - 9:06:26
info: GET en /Sin%20Imagen - 9:06:27
